Android_Espresso_Essential_ListView/app/build/outputs/logs/manifest-merger-debug-report.txt
-- Merging decision tree log ---
manifest
ADDED from src/main/AndroidManifest.xml:1:1-18:12
INJECTED from src/main/AndroidManifest.xml:1:1-18:12
INJECTED from src/main/AndroidManifest.xml:1:1-18:12
INJECTED from src/main/AndroidManifest.xml:1:1-18:12
MERGED from [com.android.support:appcompat-v7:27.0.2] AndroidManifest.xml:17:1-22:12
MERGED from [com.android.support:support-fragment:27.0.2] AndroidManifest.xml:17:1-22:12
MERGED from [com.android.support:support-core-utils:27.0.2] AndroidManifest.xml:17:1-22:12
MERGED from [com.android.support:animated-vector-drawable:27.0.2] AndroidManifest.xml:17:1-22:12
MERGED from [com.android.support:support-vector-drawable:27.0.2] AndroidManifest.xml:17:1-22:12
MERGED from [com.android.support:support-core-ui:27.0.2] AndroidManifest.xml:17:1-22:12
MERGED from [com.android.support:support-compat:27.0.2] AndroidManifest.xml:17:1-22:12
MERGED from [android.arch.lifecycle:runtime:1.0.3] AndroidManifest.xml:17:1-24:12
INJECTED from src/main/AndroidManifest.xml:1:1-18:12
INJECTED from src/main/AndroidManifest.xml:1:1-18:12
INJECTED from src/main/AndroidManifest.xml:1:1-18:12
	package
		ADDED from src/main/AndroidManifest.xml:3:5-53
		INJECTED from src/main/AndroidManifest.xml
		INJECTED from src/main/AndroidManifest.xml
	android:versionName
		INJECTED from src/main/AndroidManifest.xml
		ADDED from src/main/AndroidManifest.xml:1:1-18:12
		INJECTED from src/main/AndroidManifest.xml
	android:versionCode
		INJECTED from src/main/AndroidManifest.xml
		ADDED from src/main/AndroidManifest.xml:1:1-18:12
		INJECTED from src/main/AndroidManifest.xml
	xmlns:android
		ADDED from src/main/AndroidManifest.xml:2:5-63
application
ADDED from src/main/AndroidManifest.xml:4:3-17:17
	android:label
		ADDED from src/main/AndroidManifest.xml:5:7-39
	android:icon
		ADDED from src/main/AndroidManifest.xml:6:7-41
	android:allowBackup
		ADDED from src/main/AndroidManifest.xml:8:7-33
	android:theme
		ADDED from src/main/AndroidManifest.xml:7:7-38
activity#com.sqisland.android.espresso.listview.MainActivity
ADDED from src/main/AndroidManifest.xml:9:5-16:16
	android:label
		ADDED from src/main/AndroidManifest.xml:11:9-41
	android:name
		ADDED from src/main/AndroidManifest.xml:10:9-37
intent-filter#android.intent.action.MAIN+android.intent.category.LAUNCHER
ADDED from src/main/AndroidManifest.xml:12:7-15:23
action#android.intent.action.MAIN
ADDED from src/main/AndroidManifest.xml:13:9-60
	android:name
		ADDED from src/main/AndroidManifest.xml:13:17-58
category#android.intent.category.LAUNCHER
ADDED from src/main/AndroidManifest.xml:14:9-68
	android:name
		ADDED from src/main/AndroidManifest.xml:14:19-66
uses-sdk
INJECTED from src/main/AndroidManifest.xml reason: use-sdk injection requested
INJECTED from src/main/AndroidManifest.xml
INJECTED from src/main/AndroidManifest.xml
MERGED from [com.android.support:appcompat-v7:27.0.2] AndroidManifest.xml:20:5-44
MERGED from [com.android.support:appcompat-v7:27.0.2] AndroidManifest.xml:20:5-44
MERGED from [com.android.support:support-fragment:27.0.2] AndroidManifest.xml:20:5-44
MERGED from [com.android.support:support-fragment:27.0.2] AndroidManifest.xml:20:5-44
MERGED from [com.android.support:support-core-utils:27.0.2] AndroidManifest.xml:20:5-44
MERGED from [com.android.support:support-core-utils:27.0.2] AndroidManifest.xml:20:5-44
MERGED from [com.android.support:animated-vector-drawable:27.0.2] AndroidManifest.xml:20:5-44
MERGED from [com.android.support:animated-vector-drawable:27.0.2] AndroidManifest.xml:20:5-44
MERGED from [com.android.support:support-vector-drawable:27.0.2] AndroidManifest.xml:20:5-44
MERGED from [com.android.support:support-vector-drawable:27.0.2] AndroidManifest.xml:20:5-44
MERGED from [com.android.support:support-core-ui:27.0.2] AndroidManifest.xml:20:5-44
MERGED from [com.android.support:support-core-ui:27.0.2] AndroidManifest.xml:20:5-44
MERGED from [com.android.support:support-compat:27.0.2] AndroidManifest.xml:20:5-44
MERGED from [com.android.support:support-compat:27.0.2] AndroidManifest.xml:20:5-44
MERGED from [android.arch.lifecycle:runtime:1.0.3] AndroidManifest.xml:20:5-22:41
MERGED from [android.arch.lifecycle:runtime:1.0.3] AndroidManifest.xml:20:5-22:41
INJECTED from src/main/AndroidManifest.xml
INJECTED from src/main/AndroidManifest.xml
	android:targetSdkVersion
		INJECTED from src/main/AndroidManifest.xml
		ADDED from src/main/AndroidManifest.xml
		INJECTED from src/main/AndroidManifest.xml
	android:minSdkVersion
		INJECTED from src/main/AndroidManifest.xml
		ADDED from src/main/AndroidManifest.xml
		INJECTED from src/main/AndroidManifest.xml